\BOOKMARK [1][-]{section.1}{\376\377\127\372\170\100}{}% 1
\BOOKMARK [2][-]{subsection.1.1}{\376\377\137\353\213\373}{section.1}% 2
\BOOKMARK [2][-]{subsection.1.2}{\376\377\000b\000i\000t\000s\000e\000t}{section.1}% 3
\BOOKMARK [2][-]{subsection.1.3}{\376\377\000i\000n\000t\0001\0002\0008}{section.1}% 4
\BOOKMARK [2][-]{subsection.1.4}{\376\377\000v\000e\000c\000t\000o\000r\123\273\221\315}{section.1}% 5
\BOOKMARK [1][-]{section.2}{\376\377\122\250\140\001\211\304\122\022}{}% 6
\BOOKMARK [2][-]{subsection.2.1}{\376\377\200\314\123\005\000D\000P}{section.2}% 7
\BOOKMARK [3][-]{subsubsection.2.1.1}{\376\377\150\021\137\142\200\314\123\005}{subsection.2.1}% 8
\BOOKMARK [2][-]{subsection.2.2}{\376\377\151\202\163\207\000D\000P}{section.2}% 9
\BOOKMARK [3][-]{subsubsection.2.2.1}{\376\377\151\202\163\207\000D\000P}{subsection.2.2}% 10
\BOOKMARK [3][-]{subsubsection.2.2.2}{\376\377\150\021\116\012\151\202\163\207\000D\000P}{subsection.2.2}% 11
\BOOKMARK [2][-]{subsection.2.3}{\376\377\145\160\117\115\000D\000P}{section.2}% 12
\BOOKMARK [3][-]{subsubsection.2.3.1}{\376\377\152\041\162\110}{subsection.2.3}% 13
\BOOKMARK [2][-]{subsection.2.4}{\376\377\150\021\137\142\000D\000P}{section.2}% 14
\BOOKMARK [3][-]{subsubsection.2.4.1}{\376\377\150\021\116\012\200\314\123\005}{subsection.2.4}% 15
\BOOKMARK [3][-]{subsubsection.2.4.2}{\376\377\143\142\150\071\000D\000P}{subsection.2.4}% 16
\BOOKMARK [2][-]{subsection.2.5}{\376\377\122\250\140\001\000D\000P}{section.2}% 17
\BOOKMARK [2][-]{subsection.2.6}{\376\377\143\322\131\064\000D\000P}{section.2}% 18
\BOOKMARK [3][-]{subsubsection.2.6.1}{\376\377\215\357\137\204\152\041\127\213}{subsection.2.6}% 19
\BOOKMARK [3][-]{subsubsection.2.6.2}{\376\377\131\032\147\141\126\336\215\357}{subsection.2.6}% 20
\BOOKMARK [2][-]{subsection.2.7}{\376\377\162\266\123\213\000D\000P}{section.2}% 21
\BOOKMARK [3][-]{subsubsection.2.7.1}{\376\377\162\266\123\213\000D\000P}{subsection.2.7}% 22
\BOOKMARK [2][-]{subsection.2.8}{\376\377\126\333\217\271\137\142\116\015\173\111\137\017\117\030\123\026}{section.2}% 23
\BOOKMARK [3][-]{subsubsection.2.8.1}{\376\377\140\073\176\323}{subsection.2.8}% 24
\BOOKMARK [3][-]{subsubsection.2.8.2}{\376\377\0001\000D\0001\000D\122\006\154\273}{subsection.2.8}% 25
\BOOKMARK [3][-]{subsubsection.2.8.3}{\376\377\0001\000D\0001\000D\116\214\122\006\150\010}{subsection.2.8}% 26
\BOOKMARK [3][-]{subsubsection.2.8.4}{\376\377\123\072\225\364\174\173\0002\000D\0001\000D}{subsection.2.8}% 27
\BOOKMARK [2][-]{subsection.2.9}{\376\377\123\125\214\003\150\010\123\125\214\003\226\037\122\027\117\030\123\026}{section.2}% 28
\BOOKMARK [3][-]{subsubsection.2.9.1}{\376\377\116\000\176\364}{subsection.2.9}% 29
\BOOKMARK [3][-]{subsubsection.2.9.2}{\376\377\116\214\176\364}{subsection.2.9}% 30
\BOOKMARK [2][-]{subsection.2.10}{\376\377\167\351\226\065\117\030\123\026}{section.2}% 31
\BOOKMARK [3][-]{subsubsection.2.10.1}{\376\377\167\351\226\065\116\130\154\325}{subsection.2.10}% 32
\BOOKMARK [3][-]{subsubsection.2.10.2}{\376\377\136\177\116\111\167\351\226\065\116\130\154\325}{subsection.2.10}% 33
\BOOKMARK [2][-]{subsection.2.11}{\376\377\000G\000a\000r\000s\000i\000a\000W\000a\000c\000h\000s\173\227\154\325}{section.2}% 34
\BOOKMARK [1][-]{section.3}{\376\377\133\127\173\046\116\062}{}% 35
\BOOKMARK [2][-]{subsection.3.1}{\376\377\000K\000M\000P}{section.3}% 36
\BOOKMARK [2][-]{subsection.3.2}{\376\377\142\151\134\125\000K\000M\000P}{section.3}% 37
\BOOKMARK [2][-]{subsection.3.3}{\376\377\147\000\134\017\210\150\171\072\154\325}{section.3}% 38
\BOOKMARK [2][-]{subsection.3.4}{\376\377\124\310\136\014}{section.3}% 39
\BOOKMARK [2][-]{subsection.3.5}{\376\377\232\154\142\311\217\146}{section.3}% 40
\BOOKMARK [2][-]{subsection.3.6}{\376\377\133\127\121\170\150\021}{section.3}% 41
\BOOKMARK [3][-]{subsubsection.3.6.1}{\376\377\000T\000r\000i\000e}{subsection.3.6}% 42
\BOOKMARK [3][-]{subsubsection.3.6.2}{\376\377\0000\0001\000-\000T\000r\000i\000e}{subsection.3.6}% 43
\BOOKMARK [2][-]{subsection.3.7}{\376\377\124\016\177\000\145\160\176\304}{section.3}% 44
\BOOKMARK [3][-]{subsubsection.3.7.1}{\376\377\140\073\176\323}{subsection.3.7}% 45
\BOOKMARK [3][-]{subsubsection.3.7.2}{\376\377\120\015\130\236}{subsection.3.7}% 46
\BOOKMARK [3][-]{subsubsection.3.7.3}{\376\377\000D\000C\0003}{subsection.3.7}% 47
\BOOKMARK [2][-]{subsection.3.8}{\376\377\123\125\116\062\000S\000A\000M}{section.3}% 48
\BOOKMARK [2][-]{subsection.3.9}{\376\377\131\032\116\062\000S\000A\000M}{section.3}% 49
\BOOKMARK [2][-]{subsection.3.10}{\376\377\124\016\177\000\150\021}{section.3}% 50
\BOOKMARK [2][-]{subsection.3.11}{\376\377\000L\000y\000n\000d\000o\000n\122\006\211\343}{section.3}% 51
\BOOKMARK [1][-]{section.4}{\376\377\145\160\143\156\176\323\147\204}{}% 52
\BOOKMARK [2][-]{subsection.4.1}{\376\377\000S\000T\210\150}{section.4}% 53
\BOOKMARK [2][-]{subsection.4.2}{\376\377\176\277\153\265\150\021}{section.4}% 54
\BOOKMARK [2][-]{subsection.4.3}{\376\377\116\214\176\364\176\277\153\265\150\021}{section.4}% 55
\BOOKMARK [2][-]{subsection.4.4}{\376\377\116\073\136\055\150\021}{section.4}% 56
\BOOKMARK [2][-]{subsection.4.5}{\376\377\116\073\136\055\150\021}{section.4}% 57
\BOOKMARK [2][-]{subsection.4.6}{\376\377\176\277\140\047\127\372}{section.4}% 58
\BOOKMARK [2][-]{subsection.4.7}{\376\377\202\036\216\110\224\376}{section.4}% 59
\BOOKMARK [2][-]{subsection.4.8}{\376\377\122\022\122\006\150\021}{section.4}% 60
\BOOKMARK [2][-]{subsection.4.9}{\376\377\123\125\214\003\150\010}{section.4}% 61
\BOOKMARK [2][-]{subsection.4.10}{\376\377\136\166\147\345\226\306}{section.4}% 62
\BOOKMARK [3][-]{subsubsection.4.10.1}{\376\377\136\046\147\103\136\166\147\345\226\306}{subsection.4.10}% 63
\BOOKMARK [3][-]{subsubsection.4.10.2}{\376\377\123\357\144\244\225\000\136\166\147\345\226\306}{subsection.4.10}% 64
\BOOKMARK [3][-]{subsubsection.4.10.3}{\376\377\123\357\144\244\225\000\171\315\174\173\136\166\147\345\226\306}{subsection.4.10}% 65
\BOOKMARK [1][-]{section.5}{\376\377\213\241\173\227\121\340\117\125}{}% 66
\BOOKMARK [2][-]{subsection.5.1}{\376\377\122\044\116\044\147\141\176\277\153\265\166\370\116\244}{section.5}% 67
\BOOKMARK [1][-]{section.6}{\376\377\145\160\213\272}{}% 68
\BOOKMARK [2][-]{subsection.6.1}{\376\377\127\303\137\017\173\133\154\325}{section.6}% 69
\BOOKMARK [2][-]{subsection.6.2}{\376\377\122\006\145\160\174\173}{section.6}% 70
\BOOKMARK [2][-]{subsection.6.3}{\376\377\116\011\122\006}{section.6}% 71
\BOOKMARK [2][-]{subsection.6.4}{\376\377\176\304\124\010\145\160}{section.6}% 72
\BOOKMARK [2][-]{subsection.6.5}{\376\377\000e\000x\000g\000c\000d}{section.6}% 73
\BOOKMARK [2][-]{subsection.6.6}{\376\377\232\330\145\257\155\210\121\103}{section.6}% 74
\BOOKMARK [2][-]{subsection.6.7}{\376\377\213\241\145\160}{section.6}% 75
\BOOKMARK [2][-]{subsection.6.8}{\376\377\145\160\122\027}{section.6}% 76
\BOOKMARK [3][-]{subsubsection.6.8.1}{\376\377\000o\000e\000i\000s}{subsection.6.8}% 77
\BOOKMARK [3][-]{subsubsection.6.8.2}{\376\377\000B\000e\000l\000l\145\160}{subsection.6.8}% 78
\BOOKMARK [3][-]{subsubsection.6.8.3}{\376\377\000C\000a\000t\000a\000l\000a\000n\145\160}{subsection.6.8}% 79
\BOOKMARK [3][-]{subsubsection.6.8.4}{\376\377\215\205\176\247\000C\000a\000t\000a\000l\000a\000n\145\160}{subsection.6.8}% 80
\BOOKMARK [3][-]{subsubsection.6.8.5}{\376\377\000s\000t\000i\000r\000l\000i\000n\000g}{subsection.6.8}% 81
\BOOKMARK [1][-]{section.7}{\376\377\126\376\213\272}{}% 82
\BOOKMARK [2][-]{subsection.7.1}{\376\377\147\011\124\021\126\376\122\044\163\257}{section.7}% 83
\BOOKMARK [2][-]{subsection.7.2}{\376\377\000H\000K\173\227\154\325}{section.7}% 84
\BOOKMARK [2][-]{subsection.7.3}{\376\377\160\271\122\006\154\273}{section.7}% 85
\BOOKMARK [2][-]{subsection.7.4}{\376\377\150\021\224\376\122\126\122\006}{section.7}% 86
\BOOKMARK [2][-]{subsection.7.5}{\376\377\167\351\226\065\150\021\133\232\164\006}{section.7}% 87
\BOOKMARK [2][-]{subsection.7.6}{\376\377\116\000\202\054\126\376\147\000\131\047\123\071\221\115}{section.7}% 88
\BOOKMARK [2][-]{subsection.7.7}{\376\377\147\000\217\321\121\154\121\161\171\126\121\110}{section.7}% 89
\BOOKMARK [2][-]{subsection.7.8}{\376\377\147\000\134\017\150\021\137\142\126\376}{section.7}% 90
\BOOKMARK [2][-]{subsection.7.9}{\376\377\116\214\122\006\126\376}{section.7}% 91
\BOOKMARK [2][-]{subsection.7.10}{\376\377\122\044\145\340\124\021\126\376\146\057\124\046\116\072\116\214\122\006\126\376}{section.7}% 92
\BOOKMARK [2][-]{subsection.7.11}{\376\377\000K\000M\173\227\154\325}{section.7}% 93
\BOOKMARK [2][-]{subsection.7.12}{\376\377\147\323\202\162\154\325\122\044\116\214\122\006\126\376}{section.7}% 94
\BOOKMARK [2][-]{subsection.7.13}{\376\377\123\010\162\131\122\051\173\227\154\325}{section.7}% 95
\BOOKMARK [2][-]{subsection.7.14}{\376\377\167\351\226\065\150\021\133\232\164\006}{section.7}% 96
\BOOKMARK [2][-]{subsection.7.15}{\376\377\124\057\123\321\137\017\124\010\136\166}{section.7}% 97
\BOOKMARK [2][-]{subsection.7.16}{\376\377\0002\000-\000S\000A\000T}{section.7}% 98
\BOOKMARK [2][-]{subsection.7.17}{\376\377\177\121\176\334\155\101}{section.7}% 99
\BOOKMARK [3][-]{subsubsection.7.17.1}{\376\377\177\121\176\334\155\101}{subsection.7.17}% 100
\BOOKMARK [3][-]{subsubsection.7.17.2}{\376\377\147\000\131\047\215\071\165\050\155\101}{subsection.7.17}% 101
\BOOKMARK [3][-]{subsubsection.7.17.3}{\376\377\147\000\131\047\215\071\165\050\147\000\131\047\155\101}{subsection.7.17}% 102
\BOOKMARK [3][-]{subsubsection.7.17.4}{\376\377\000z\000k\000w\215\071\165\050\155\101}{subsection.7.17}% 103
\BOOKMARK [3][-]{subsubsection.7.17.5}{\376\377\215\071\165\050\155\101}{subsection.7.17}% 104
\BOOKMARK [3][-]{subsubsection.7.17.6}{\376\377\000d\000i\000n\000i\000c}{subsection.7.17}% 105
\BOOKMARK [2][-]{subsection.7.18}{\376\377\147\000\167\355\215\357}{section.7}% 106
\BOOKMARK [3][-]{subsubsection.7.18.1}{\376\377\000F\000l\000o\000y\000d}{subsection.7.18}% 107
\BOOKMARK [3][-]{subsubsection.7.18.2}{\376\377\000B\000e\000l\000l\000m\000a\000n\000-\000F\000o\000r\000d}{subsection.7.18}% 108
\BOOKMARK [3][-]{subsubsection.7.18.3}{\376\377\000d\000i\000j\000k\000s\000t\000r\000a}{subsection.7.18}% 109
\BOOKMARK [3][-]{subsubsection.7.18.4}{\376\377\000b\000f\000s\121\150\156\220\147\000\167\355\215\357\137\204}{subsection.7.18}% 110
\BOOKMARK [3][-]{subsubsection.7.18.5}{\376\377\000J\000o\000h\000n\000s\000o\000n\121\150\156\220\147\000\167\355\215\357\137\204\173\227\154\325}{subsection.7.18}% 111
\BOOKMARK [1][-]{section.8}{\376\377\147\102\230\171}{}% 112
\BOOKMARK [2][-]{subsection.8.1}{\376\377\226\217\147\072\123\026}{section.8}% 113
\BOOKMARK [3][-]{subsubsection.8.1.1}{\376\377\152\041\142\337\220\000\160\153}{subsection.8.1}% 114
